#
# A fatal error has been detected by the Java Runtime Environment:
#
#  EXCEPTION_ACCESS_VIOLATION (0xc0000005) at pc=0x00000000173a4f30, pid=9600, tid=5592
#
# JRE version: Java(TM) SE Runtime Environment (8.0_71-b15) (build 1.8.0_71-b15)
# Java VM: Java HotSpot(TM) 64-Bit Server VM (25.71-b15 mixed mode windows-amd64 compressed oops)
# Problematic frame:
# C  0x00000000173a4f30
#
# Failed to write core dump. Minidumps are not enabled by default on client versions of Windows
#
# If you would like to submit a bug report, please visit:
#   http://bugreport.java.com/bugreport/crash.jsp
#

---------------  T H R E A D  ---------------

Current thread (0x0000000017368000):  JavaThread "C2 CompilerThread1" daemon [_thread_in_native, id=5592, stack(0x0000000018800000,0x0000000018900000)]

siginfo: ExceptionCode=0xc0000005, ExceptionInformation=0x0000000000000008 0x00000000173a4f30

Registers:
RAX=0x000000001a21bd80, RBX=0x000000001a217718, RCX=0x000000001a217718, RDX=0x00000000000000fa
RSP=0x00000000188fb868, RBP=0x000000001a49a280, RSI=0x00000000188fbd20, RDI=0x00000000188fb938
R8 =0x0000000000040000, R9 =0x0000000000000000, R10=0x00000000199ae798, R11=0x0000000000040000
R12=0x00000000188fb918, R13=0x0000000000000148, R14=0x0000000019fca980, R15=0x0000000000000029
RIP=0x00000000173a4f30, EFLAGS=0x0000000000010206

Top of Stack: (sp=0x00000000188fb868)
0x00000000188fb868:   0000000077c2b075 0000000019879a58
0x00000000188fb878:   0000000000000018 00000000188fb938
0x00000000188fb888:   00000000188fb918 000000001a03b450
0x00000000188fb898:   00000000173724e0 0000000000000000
0x00000000188fb8a8:   0000000000000002 00000000173a4f30
0x00000000188fb8b8:   000000001a033450 00000000173724e0
0x00000000188fb8c8:   00000000188fbd00 00000000188fb9e0
0x00000000188fb8d8:   0000000077c2d297 00000000188fbd00
0x00000000188fb8e8:   00000000188fb938 000000000000004e
0x00000000188fb8f8:   00000000188fb988 000000001a0334a0
0x00000000188fb908:   000000001a03b438 00000000000eac18
0x00000000188fb918:   00000000173724e0 0000000000000200
0x00000000188fb928:   000000001a07bd10 00000000000000c6
0x00000000188fb938:   0000000077ddd2b8 00000000173724e0
0x00000000188fb948:   0000000000000200 000000001a07b510
0x00000000188fb958:   0000000000000000 000000001a033450 

Instructions: (pc=0x00000000173a4f30)
0x00000000173a4f10:   c0 4e 3a 17 00 00 00 00 30 4f 3a 17 00 00 00 00
0x00000000173a4f20:   d0 d1 9a 19 00 00 00 00 10 dd 9a 19 00 00 00 00
0x00000000173a4f30:   b8 c1 dc 77 00 00 00 00 68 4f 3a 17 00 00 00 00
0x00000000173a4f40:   00 00 00 00 00 00 00 00 01 00 00 00 01 00 00 00 


Register to memory mapping:

RAX=0x000000001a21bd80 is an unknown value
RBX=0x000000001a217718 is an unknown value
RCX=0x000000001a217718 is an unknown value
RDX=0x00000000000000fa is an unknown value
RSP=0x00000000188fb868 is pointing into the stack for thread: 0x0000000017368000
RBP=0x000000001a49a280 is an unknown value
RSI=0x00000000188fbd20 is pointing into the stack for thread: 0x0000000017368000
RDI=0x00000000188fb938 is pointing into the stack for thread: 0x0000000017368000
R8 =0x0000000000040000 is an unknown value
R9 =0x0000000000000000 is an unknown value
R10=0x00000000199ae798 is an unknown value
R11=0x0000000000040000 is an unknown value
R12=0x00000000188fb918 is pointing into the stack for thread: 0x0000000017368000
R13=0x0000000000000148 is an unknown value
R14=0x0000000019fca980 is an unknown value
R15=0x0000000000000029 is an unknown value


Stack: [0x0000000018800000,0x0000000018900000],  sp=0x00000000188fb868,  free space=1006k
Native frames: (J=compiled Java code, j=interpreted, Vv=VM code, C=native code)
C  0x00000000173a4f30


Current CompileTask:
C2:   2393 1415       4       com.android.dx.ssa.SCCP::simulateBranch (666 bytes)


---------------  P R O C E S S  ---------------

Java Threads: ( => current thread )
  0x00000000175ef000 JavaThread "pool-2-thread-4" [_thread_blocked, id=3360, stack(0x00000000190e0000,0x00000000191e0000)]
  0x00000000175ee000 JavaThread "pool-2-thread-3" [_thread_blocked, id=5848, stack(0x0000000018fd0000,0x00000000190d0000)]
  0x00000000175e2800 JavaThread "pool-2-thread-2" [_thread_blocked, id=8716, stack(0x0000000018ea0000,0x0000000018fa0000)]
  0x00000000175e1000 JavaThread "pool-3-thread-1" [_thread_blocked, id=6688, stack(0x0000000018d60000,0x0000000018e60000)]
  0x00000000175e0000 JavaThread "pool-2-thread-1" [_thread_blocked, id=8420, stack(0x0000000018c60000,0x0000000018d60000)]
  0x000000001736a000 JavaThread "Service Thread" daemon [_thread_blocked, id=3580, stack(0x0000000018700000,0x0000000018800000)]
  0x0000000017369000 JavaThread "C1 CompilerThread2" daemon [_thread_blocked, id=5320, stack(0x0000000018930000,0x0000000018a30000)]
=>0x0000000017368000 JavaThread "C2 CompilerThread1" daemon [_thread_in_native, id=5592, stack(0x0000000018800000,0x0000000018900000)]
  0x0000000017366000 JavaThread "C2 CompilerThread0" daemon [_thread_in_native, id=4360, stack(0x00000000185d0000,0x00000000186d0000)]
  0x0000000017373800 JavaThread "Attach Listener" daemon [_thread_blocked, id=9264, stack(0x00000000183b0000,0x00000000184b0000)]
  0x0000000017371000 JavaThread "Signal Dispatcher" daemon [_thread_blocked, id=9412, stack(0x0000000018160000,0x0000000018260000)]
  0x0000000016956000 JavaThread "Finalizer" daemon [_thread_blocked, id=9892, stack(0x0000000017e30000,0x0000000017f30000)]
  0x0000000016955000 JavaThread "Reference Handler" daemon [_thread_blocked, id=9408, stack(0x0000000017f30000,0x0000000018030000)]
  0x0000000001eb9000 JavaThread "main" [_thread_blocked, id=5956, stack(0x0000000003f50000,0x0000000004050000)]

Other Threads:
  0x0000000016950000 VMThread [stack: 0x0000000017c90000,0x0000000017d90000] [id=8116]
  0x0000000017402800 WatcherThread [stack: 0x0000000018a30000,0x0000000018b30000] [id=9696]

VM state:not at safepoint (normal execution)

VM Mutex/Monitor currently owned by a thread: None

Heap:
 PSYoungGen      total 71680K, used 16612K [0x00000000eab00000, 0x00000000ef600000, 0x0000000100000000)
  eden space 66560K, 17% used [0x00000000eab00000,0x00000000eb63d070,0x00000000eec00000)
  from space 5120K, 99% used [0x00000000ef100000,0x00000000ef5fc028,0x00000000ef600000)
  to   space 5120K, 0% used [0x00000000eec00000,0x00000000eec00000,0x00000000ef100000)
 ParOldGen       total 87552K, used 6728K [0x00000000c0000000, 0x00000000c5580000, 0x00000000eab00000)
  object space 87552K, 7% used [0x00000000c0000000,0x00000000c0692248,0x00000000c5580000)
 Metaspace       used 6005K, capacity 7024K, committed 7296K, reserved 1056768K
  class space    used 588K, capacity 616K, committed 640K, reserved 1048576K

Card table byte_map: [0x0000000013410000,0x0000000013620000] byte_map_base: 0x0000000012e10000

Marking Bits: (ParMarkBitMap*) 0x0000000077f7f600
 Begin Bits: [0x0000000013d60000, 0x0000000014d60000)
 End Bits:   [0x0000000014d60000, 0x0000000015d60000)

Polling page: 0x00000000038e0000

CodeCache: size=245760Kb used=5637Kb max_used=5644Kb free=240122Kb
 bounds [0x0000000004050000, 0x00000000045e0000, 0x0000000013050000]
 total_blobs=1702 nmethods=1433 adapters=182
 compilation: enabled

Compilation events (10 events):
Event: 2.279 Thread 0x0000000017369000 1445       2       com.android.dx.ssa.back.SsaToRop::verifyValidExitPredecessor (53 bytes)
Event: 2.280 Thread 0x0000000017369000 nmethod 1445 0x00000000045cb150 code [0x00000000045cb300, 0x00000000045cb698]
Event: 2.281 Thread 0x0000000017369000 1446       2       com.android.dx.ssa.PhiInsn::changeResultType (17 bytes)
Event: 2.282 Thread 0x0000000017369000 nmethod 1446 0x00000000045cba90 code [0x00000000045cbc00, 0x00000000045cbe38]
Event: 2.282 Thread 0x0000000017369000 1447       2       com.android.dx.ssa.SetFactory::makeLivenessSet (26 bytes)
Event: 2.282 Thread 0x0000000017369000 nmethod 1447 0x00000000045cbf90 code [0x00000000045cc100, 0x00000000045cc388]
Event: 2.282 Thread 0x0000000017369000 1448   !   2       com.android.dx.cf.code.BasicBlocker::doit (156 bytes)
Event: 2.284 Thread 0x0000000017369000 nmethod 1448 0x00000000045cc4d0 code [0x00000000045cc6a0, 0x00000000045ccd38]
Event: 2.284 Thread 0x0000000017369000 1449       2       com.android.dx.dex.cf.CfTranslator::translate0 (259 bytes)
Event: 2.287 Thread 0x0000000017369000 nmethod 1449 0x00000000045cd6d0 code [0x00000000045cd9e0, 0x00000000045ce848]

GC Heap History (4 events):
Event: 1.576 GC heap before
{Heap before GC invocations=1 (full 0):
 PSYoungGen      total 38400K, used 33280K [0x00000000eab00000, 0x00000000ed580000, 0x0000000100000000)
  eden space 33280K, 100% used [0x00000000eab00000,0x00000000ecb80000,0x00000000ecb80000)
  from space 5120K, 0% used [0x00000000ed080000,0x00000000ed080000,0x00000000ed580000)
  to   space 5120K, 0% used [0x00000000ecb80000,0x00000000ecb80000,0x00000000ed080000)
 ParOldGen       total 87552K, used 0K [0x00000000c0000000, 0x00000000c5580000, 0x00000000eab00000)
  object space 87552K, 0% used [0x00000000c0000000,0x00000000c0000000,0x00000000c5580000)
 Metaspace       used 5770K, capacity 6832K, committed 7040K, reserved 1056768K
  class space    used 588K, capacity 616K, committed 640K, reserved 1048576K
Event: 1.592 GC heap after
Heap after GC invocations=1 (full 0):
 PSYoungGen      total 38400K, used 5095K [0x00000000eab00000, 0x00000000ef600000, 0x0000000100000000)
  eden space 33280K, 0% used [0x00000000eab00000,0x00000000eab00000,0x00000000ecb80000)
  from space 5120K, 99% used [0x00000000ecb80000,0x00000000ed079c98,0x00000000ed080000)
  to   space 5120K, 0% used [0x00000000ef100000,0x00000000ef100000,0x00000000ef600000)
 ParOldGen       total 87552K, used 1631K [0x00000000c0000000, 0x00000000c5580000, 0x00000000eab00000)
  object space 87552K, 1% used [0x00000000c0000000,0x00000000c0197f68,0x00000000c5580000)
 Metaspace       used 5770K, capacity 6832K, committed 7040K, reserved 1056768K
  class space    used 588K, capacity 616K, committed 640K, reserved 1048576K
}
Event: 2.050 GC heap before
{Heap before GC invocations=2 (full 0):
 PSYoungGen      total 38400K, used 38375K [0x00000000eab00000, 0x00000000ef600000, 0x0000000100000000)
  eden space 33280K, 100% used [0x00000000eab00000,0x00000000ecb80000,0x00000000ecb80000)
  from space 5120K, 99% used [0x00000000ecb80000,0x00000000ed079c98,0x00000000ed080000)
  to   space 5120K, 0% used [0x00000000ef100000,0x00000000ef100000,0x00000000ef600000)
 ParOldGen       total 87552K, used 1631K [0x00000000c0000000, 0x00000000c5580000, 0x00000000eab00000)
  object space 87552K, 1% used [0x00000000c0000000,0x00000000c0197f68,0x00000000c5580000)
 Metaspace       used 5955K, capacity 6960K, committed 7040K, reserved 1056768K
  class space    used 588K, capacity 616K, committed 640K, reserved 1048576K
Event: 2.095 GC heap after
Heap after GC invocations=2 (full 0):
 PSYoungGen      total 71680K, used 5104K [0x00000000eab00000, 0x00000000ef600000, 0x0000000100000000)
  eden space 66560K, 0% used [0x00000000eab00000,0x00000000eab00000,0x00000000eec00000)
  from space 5120K, 99% used [0x00000000ef100000,0x00000000ef5fc028,0x00000000ef600000)
  to   space 5120K, 0% used [0x00000000eec00000,0x00000000eec00000,0x00000000ef100000)
 ParOldGen       total 87552K, used 6728K [0x00000000c0000000, 0x00000000c5580000, 0x00000000eab00000)
  object space 87552K, 7% used [0x00000000c0000000,0x00000000c0692248,0x00000000c5580000)
 Metaspace       used 5955K, capacity 6960K, committed 7040K, reserved 1056768K
  class space    used 588K, capacity 616K, committed 640K, reserved 1048576K
}

Deoptimization events (8 events):
Event: 1.199 Thread 0x0000000001eb9000 Uncommon trap: reason=class_check action=maybe_recompile pc=0x000000000428c370 method=com.android.dx.ssa.NormalSsaInsn.accept(Lcom/android/dx/ssa/SsaInsn$Visitor;)V @ 9
Event: 1.199 Thread 0x0000000001eb9000 Uncommon trap: reason=class_check action=maybe_recompile pc=0x000000000428c370 method=com.android.dx.ssa.NormalSsaInsn.accept(Lcom/android/dx/ssa/SsaInsn$Visitor;)V @ 9
Event: 1.199 Thread 0x0000000001eb9000 Uncommon trap: reason=class_check action=maybe_recompile pc=0x000000000428c370 method=com.android.dx.ssa.NormalSsaInsn.accept(Lcom/android/dx/ssa/SsaInsn$Visitor;)V @ 9
Event: 1.202 Thread 0x0000000001eb9000 Uncommon trap: reason=class_check action=maybe_recompile pc=0x00000000042de688 method=com.android.dx.ssa.NormalSsaInsn.accept(Lcom/android/dx/ssa/SsaInsn$Visitor;)V @ 9
Event: 1.202 Thread 0x0000000001eb9000 Uncommon trap: reason=class_check action=maybe_recompile pc=0x000000000428c370 method=com.android.dx.ssa.NormalSsaInsn.accept(Lcom/android/dx/ssa/SsaInsn$Visitor;)V @ 9
Event: 1.488 Thread 0x00000000175ee000 Uncommon trap: reason=unstable_if action=reinterpret pc=0x0000000004391b5c method=com.android.dx.rop.code.RegisterSpecSet.put(Lcom/android/dx/rop/code/RegisterSpec;)V @ 77
Event: 1.490 Thread 0x00000000175e2800 Uncommon trap: reason=unstable_if action=reinterpret pc=0x00000000043a1b7c method=com.android.dx.util.IntList.binarysearch(I)I @ 105
Event: 1.502 Thread 0x0000000001eb9000 Uncommon trap: reason=null_check action=make_not_entrant pc=0x00000000042bbfe0 method=com.android.dx.rop.type.Type.equals(Ljava/lang/Object;)Z @ 8

Internal exceptions (3 events):
Event: 0.173 Thread 0x0000000001eb9000 Exception <a 'java/lang/NoSuchMethodError': Method sun.misc.Unsafe.defineClass(Ljava/lang/String;[BII)Ljava/lang/Class; name or signature does not match> (0x00000000eab0d750) thrown at [C:\re\workspace\8-2-build-windows-amd64-cygwin\jdk8u71\5731\hotspot\sr´∫Æ6∆?
Event: 0.174 Thread 0x0000000001eb9000 Exception <a 'java/lang/NoSuchMethodError': Method sun.misc.Unsafe.prefetchRead(Ljava/lang/Object;J)V name or signature does not match> (0x00000000eab0da38) thrown at [C:\re\workspace\8-2-build-windows-amd64-cygwin\jdk8u71\5731\hotspot\src\share\vm\prims\jø"Ô⁄è¯?
Event: 1.502 Thread 0x0000000001eb9000 Implicit null exception at 0x00000000042bbee2 to 0x00000000042bbfd2

Events (10 events):
Event: 1.885 Thread 0x00000000175ee000 DEOPT PACKING pc=0x00000000043d6325 sp=0x00000000190ce860
Event: 1.885 Thread 0x00000000175ee000 DEOPT UNPACKING pc=0x000000000409787f sp=0x00000000190ce640 mode 0
Event: 1.986 Thread 0x00000000175ee000 DEOPT PACKING pc=0x00000000043a44c1 sp=0x00000000190ce7a0
Event: 1.986 Thread 0x00000000175ee000 DEOPT UNPACKING pc=0x000000000409787f sp=0x00000000190ce568 mode 0
Event: 2.004 Thread 0x0000000001eb9000 DEOPT PACKING pc=0x00000000043a477c sp=0x000000000404e610
Event: 2.004 Thread 0x0000000001eb9000 DEOPT UNPACKING pc=0x000000000409787f sp=0x000000000404e3d8 mode 0
Event: 2.021 Executing VM operation: ParallelGCFailedAllocation
Event: 2.095 Executing VM operation: ParallelGCFailedAllocation done
Event: 2.097 Thread 0x0000000001eb9000 DEOPT PACKING pc=0x00000000043a477c sp=0x000000000404e610
Event: 2.097 Thread 0x0000000001eb9000 DEOPT UNPACKING pc=0x000000000409787f sp=0x000000000404e3d8 mode 0


Dynamic libraries:
0x000000013fd90000 - 0x000000013fdc7000 	C:\Program Files\Java\jdk1.8.0_71\bin\java.exe
0x00000000773d0000 - 0x000000007757a000 	C:\Windows\SYSTEM32\ntdll.dll
0x00000000771b0000 - 0x00000000772cf000 	C:\Windows\system32\kernel32.dll
0x000007fefd3e0000 - 0x000007fefd44b000 	C:\Windows\system32\KERNELBASE.dll
0x000007fefe430000 - 0x000007fefe50b000 	C:\Windows\system32\ADVAPI32.dll
0x000007fefe660000 - 0x000007fefe6ff000 	C:\Windows\system32\msvcrt.dll
0x000007feff6a0000 - 0x000007feff6bf000 	C:\Windows\SYSTEM32\sechost.dll
0x000007feff4d0000 - 0x000007feff5fd000 	C:\Windows\system32\RPCRT4.dll
0x00000000772d0000 - 0x00000000773ca000 	C:\Windows\system32\USER32.dll
0x000007fefe5f0000 - 0x000007fefe657000 	C:\Windows\system32\GDI32.dll
0x000007fefe050000 - 0x000007fefe05e000 	C:\Windows\system32\LPK.dll
0x000007fefda70000 - 0x000007fefdb39000 	C:\Windows\system32\USP10.dll
0x000007fefb160000 - 0x000007fefb354000 	C:\Windows\WinSxS\amd64_microsoft.windows.common-controls_6595b64144ccf1df_6.0.7601.18837_none_fa3b1e3d17594757\COMCTL32.dll
0x000007fefdc30000 - 0x000007fefdca1000 	C:\Windows\system32\SHLWAPI.dll
0x000007feff490000 - 0x000007feff4be000 	C:\Windows\system32\IMM32.DLL
0x000007fefdf40000 - 0x000007fefe049000 	C:\Windows\system32\MSCTF.dll
0x000007fefd080000 - 0x000007fefd0c0000 	C:\Windows\system32\nvinitx.dll
0x000007fef4d10000 - 0x000007fef4f86000 	C:\Windows\pcdrm\NSCFA64.DLL
0x000007fefdcb0000 - 0x000007fefdeb3000 	C:\Windows\system32\ole32.dll
0x0000000052fb0000 - 0x0000000053082000 	C:\Program Files\Java\jdk1.8.0_71\bin\MSVCR100.dll
0x000007fefc110000 - 0x000007fefc11c000 	C:\Windows\system32\VERSION.dll
0x000007fefac00000 - 0x000007fefac09000 	C:\Windows\system32\WSOCK32.dll
0x000007fefdbe0000 - 0x000007fefdc2d000 	C:\Windows\system32\WS2_32.dll
0x000007feff4c0000 - 0x000007feff4c8000 	C:\Windows\system32\NSI.dll
0x00000000775a0000 - 0x00000000775a7000 	C:\Windows\system32\PSAPI.DLL
0x000007fef6950000 - 0x000007fef697e000 	C:\Windows\pcdrm\NBID64.dll
0x000007fefe510000 - 0x000007fefe5e7000 	C:\Windows\system32\OLEAUT32.dll
0x000007fefe700000 - 0x000007feff489000 	C:\Windows\system32\SHELL32.DLL
0x000007fef61f0000 - 0x000007fef61fb000 	C:\Windows\pcdrm\NSCPE64.dll
0x000007fef6450000 - 0x000007fef6489000 	C:\Windows\pcdrm\NFD0164.dll
0x000007fefd160000 - 0x000007fefd16f000 	C:\Windows\system32\profapi.dll
0x000007fef5550000 - 0x000007fef5561000 	C:\Windows\pcdrm\NFD0264.dll
0x000007fef6490000 - 0x000007fef675f000 	C:\Windows\pcdrm\NSCCOR0364.DLL
0x000007fef62c0000 - 0x000007fef6346000 	C:\Windows\INCOPS3\ESSPD64.dll
0x000007fef6230000 - 0x000007fef62b9000 	C:\Windows\INCOPS3\ICATCDLL64.dll
0x000007fef6170000 - 0x000007fef61df000 	C:\Windows\INCOPS3\icdcnl64.dll
0x000007fef60e0000 - 0x000007fef6169000 	C:\PaperSecu\paperhk64.dll
0x0000000068000000 - 0x0000000068056000 	C:\Windows\system32\QIPCAP64.DLL
0x000007fefc730000 - 0x000007fefc78b000 	C:\Windows\system32\DNSAPI.dll
0x0000000052900000 - 0x00000000529d2000 	C:\Program Files\Java\jdk1.8.0_71\jre\bin\msvcr100.dll
0x0000000077770000 - 0x0000000077fff000 	C:\Program Files\Java\jdk1.8.0_71\jre\bin\server\jvm.dll
0x000007fefacf0000 - 0x000007fefad2b000 	C:\Windows\system32\WINMM.dll
0x0000000070960000 - 0x000000007096f000 	C:\Program Files\Java\jdk1.8.0_71\jre\bin\verify.dll
0x0000000070820000 - 0x0000000070849000 	C:\Program Files\Java\jdk1.8.0_71\jre\bin\java.dll
0x00000000707d0000 - 0x00000000707e6000 	C:\Program Files\Java\jdk1.8.0_71\jre\bin\zip.dll
0x000007feeec00000 - 0x000007feeed25000 	C:\Windows\system32\dbghelp.dll

VM Arguments:
jvm_args: -Djava.awt.headless=true -Xmx1024M -Dfile.encoding=windows-1252 -Duser.country=US -Duser.language=en -Duser.variant 
java_command: com.android.dx.command.Main --dex --force-jumbo --num-threads=4 --multi-dex --output C:\sagar\codes\ticklechat\app\build\intermediates\transforms\dex\debug\folders\1000\10\com.google.android.gms-play-services-wearable-8.3.0_45949ef53a3bdd8e8fd0a817730a8614e87f881d C:\sagar\codes\ticklechat\app\build\intermediates\exploded-aar\com.google.android.gms\play-services-wearable\8.3.0\jars\classes.jar
java_class_path (initial): C:\Users\sagar.s\AppData\Local\Android\sdk\build-tools\23.0.1\lib\dx.jar
Launcher Type: SUN_STANDARD

Environment Variables:
PATH=C:\ProgramData\Oracle\Java\javapath;C:\Program Files (x86)\Intel\iCLS Client\;C:\Program Files\Intel\iCLS Client\;C:\Windows\system32;C:\Windows;C:\Windows\System32\Wbem;C:\Windows\System32\WindowsPowerShell\v1.0\;C:\Program Files\Intel\Intel(R) Management Engine Components\DAL;C:\Program Files\Intel\Intel(R) Management Engine Components\IPT;C:\Program Files (x86)\Intel\Intel(R) Management Engine Components\DAL;C:\Program Files (x86)\Intel\Intel(R) Management Engine Components\IPT;C:\Program Files (x86)\Intel\OpenCL SDK\2.0\bin\x86;C:\Program Files (x86)\Intel\OpenCL SDK\2.0\bin\x64;C:\Program Files (x86)\Enterprise Vault\EVClient\;C:\Program Files\Java\jre1.8.0_71\bin;C:\Users\sagar.s\android-sdks\platform-tools
USERNAME=sagar.s
OS=Windows_NT
PROCESSOR_IDENTIFIER=Intel64 Family 6 Model 58 Stepping 9, GenuineIntel



---------------  S Y S T E M  ---------------

OS: Windows 7 , 64 bit Build 7601 (6.1.7601.19135)

CPU:total 4 (2 cores per cpu, 2 threads per core) family 6 model 58 stepping 9, cmov, cx8, fxsr, mmx, sse, sse2, sse3, ssse3, sse4.1, sse4.2, popcnt, avx, aes, clmul, erms, ht, tsc, tscinvbit, tscinv

Memory: 4k page, physical 8260320k(2067464k free), swap 12452788k(5655276k free)

vm_info: Java HotSpot(TM) 64-Bit Server VM (25.71-b15) for windows-amd64 JRE (1.8.0_71-b15), built on Dec 22 2015 18:15:55 by "java_re" with MS VC++ 10.0 (VS2010)

time: Wed Aug 10 18:03:53 2016
elapsed time: 2 seconds (0d 0h 0m 2s)

